0 info it worked if it ends with ok
1 verbose cli [ '/usr/bin/nodejs', '/usr/bin/npm', 'install', 'bootstrap' ]
2 info using npm@3.8.3
3 info using node@v5.10.1
4 verbose config Skipping project config: /home/universitario/.npmrc. (matches userconfig)
5 silly loadCurrentTree Starting
6 silly install loadCurrentTree
7 silly install readLocalPackageData
8 silly fetchPackageMetaData bootstrap
9 silly fetchNamedPackageData bootstrap
10 silly mapToRegistry name bootstrap
11 silly mapToRegistry using default registry
12 silly mapToRegistry registry https://registry.npmjs.org/
13 silly mapToRegistry data Result {
13 silly mapToRegistry   raw: 'bootstrap',
13 silly mapToRegistry   scope: null,
13 silly mapToRegistry   name: 'bootstrap',
13 silly mapToRegistry   rawSpec: '',
13 silly mapToRegistry   spec: 'latest',
13 silly mapToRegistry   type: 'tag' }
14 silly mapToRegistry uri https://registry.npmjs.org/bootstrap
15 verbose request uri https://registry.npmjs.org/bootstrap
16 verbose request no auth needed
17 info attempt registry request try #1 at 20:44:57
18 verbose request id f813c27baf366385
19 http request GET https://registry.npmjs.org/bootstrap
20 http 200 https://registry.npmjs.org/bootstrap
21 verbose headers { server: 'CouchDB/1.5.0 (Erlang OTP/R16B03)',
21 verbose headers   etag: '"1E2DVBWC9480V3S47NF70O19I"',
21 verbose headers   'content-type': 'application/json',
21 verbose headers   'content-encoding': 'gzip',
21 verbose headers   'cache-control': 'max-age=300',
21 verbose headers   'content-length': '7994',
21 verbose headers   'accept-ranges': 'bytes',
21 verbose headers   date: 'Wed, 27 Apr 2016 01:15:09 GMT',
21 verbose headers   via: '1.1 varnish',
21 verbose headers   age: '98',
21 verbose headers   connection: 'keep-alive',
21 verbose headers   'x-served-by': 'cache-iad2145-IAD',
21 verbose headers   'x-cache': 'HIT',
21 verbose headers   'x-cache-hits': '1',
21 verbose headers   'x-timer': 'S1461719709.414693,VS0,VE0',
21 verbose headers   vary: 'Accept-Encoding' }
22 silly get cb [ 200,
22 silly get   { server: 'CouchDB/1.5.0 (Erlang OTP/R16B03)',
22 silly get     etag: '"1E2DVBWC9480V3S47NF70O19I"',
22 silly get     'content-type': 'application/json',
22 silly get     'content-encoding': 'gzip',
22 silly get     'cache-control': 'max-age=300',
22 silly get     'content-length': '7994',
22 silly get     'accept-ranges': 'bytes',
22 silly get     date: 'Wed, 27 Apr 2016 01:15:09 GMT',
22 silly get     via: '1.1 varnish',
22 silly get     age: '98',
22 silly get     connection: 'keep-alive',
22 silly get     'x-served-by': 'cache-iad2145-IAD',
22 silly get     'x-cache': 'HIT',
22 silly get     'x-cache-hits': '1',
22 silly get     'x-timer': 'S1461719709.414693,VS0,VE0',
22 silly get     vary: 'Accept-Encoding' } ]
23 verbose get saving bootstrap to /home/universitario/.npm/registry.npmjs.org/bootstrap/.cache.json
24 verbose correctMkdir /home/universitario/.npm correctMkdir not in flight; initializing
25 silly install normalizeTree
26 silly loadCurrentTree Finishing
27 silly loadIdealTree Starting
28 silly install loadIdealTree
29 silly cloneCurrentTree Starting
30 silly install cloneCurrentTreeToIdealTree
31 silly cloneCurrentTree Finishing
32 silly loadShrinkwrap Starting
33 silly install loadShrinkwrap
34 silly loadShrinkwrap Finishing
35 silly loadAllDepsIntoIdealTree Starting
36 silly install loadAllDepsIntoIdealTree
37 silly resolveWithNewModule bootstrap@3.3.6 checking installable status
38 silly cache add args [ 'bootstrap', null ]
39 verbose cache add spec bootstrap
40 silly cache add parsed spec Result {
40 silly cache add   raw: 'bootstrap',
40 silly cache add   scope: null,
40 silly cache add   name: 'bootstrap',
40 silly cache add   rawSpec: '',
40 silly cache add   spec: 'latest',
40 silly cache add   type: 'tag' }
41 silly addNamed bootstrap@latest
42 verbose addNamed "latest" is being treated as a dist-tag for bootstrap
43 info addNameTag [ 'bootstrap', 'latest' ]
44 silly mapToRegistry name bootstrap
45 silly mapToRegistry using default registry
46 silly mapToRegistry registry https://registry.npmjs.org/
47 silly mapToRegistry data Result {
47 silly mapToRegistry   raw: 'bootstrap',
47 silly mapToRegistry   scope: null,
47 silly mapToRegistry   name: 'bootstrap',
47 silly mapToRegistry   rawSpec: '',
47 silly mapToRegistry   spec: 'latest',
47 silly mapToRegistry   type: 'tag' }
48 silly mapToRegistry uri https://registry.npmjs.org/bootstrap
49 verbose addNameTag registry:https://registry.npmjs.org/bootstrap not in flight; fetching
50 verbose get https://registry.npmjs.org/bootstrap not expired, no request
51 silly addNameTag next cb for bootstrap with tag latest
52 silly addNamed bootstrap@3.3.6
53 verbose addNamed "3.3.6" is a plain semver version for bootstrap
54 silly mapToRegistry name bootstrap
55 silly mapToRegistry using default registry
56 silly mapToRegistry registry https://registry.npmjs.org/
57 silly mapToRegistry data Result {
57 silly mapToRegistry   raw: 'bootstrap',
57 silly mapToRegistry   scope: null,
57 silly mapToRegistry   name: 'bootstrap',
57 silly mapToRegistry   rawSpec: '',
57 silly mapToRegistry   spec: 'latest',
57 silly mapToRegistry   type: 'tag' }
58 silly mapToRegistry uri https://registry.npmjs.org/bootstrap
59 verbose addRemoteTarball https://registry.npmjs.org/bootstrap/-/bootstrap-3.3.6.tgz not in flight; adding
60 verbose addRemoteTarball [ 'https://registry.npmjs.org/bootstrap/-/bootstrap-3.3.6.tgz',
60 verbose addRemoteTarball   '8de8f749dc8a743f2ac5b510d988371e3daa6589' ]
61 info retry fetch attempt 1 at 20:45:06
62 info attempt registry request try #1 at 20:45:06
63 http fetch GET https://registry.npmjs.org/bootstrap/-/bootstrap-3.3.6.tgz
64 http fetch 200 https://registry.npmjs.org/bootstrap/-/bootstrap-3.3.6.tgz
65 silly fetchAndShaCheck shasum 8de8f749dc8a743f2ac5b510d988371e3daa6589
66 verbose addTmpTarball /tmp/npm-23146-aa152aad/registry.npmjs.org/bootstrap/-/bootstrap-3.3.6.tgz not in flight; adding
67 verbose addTmpTarball already have metadata; skipping unpack for bootstrap@3.3.6
68 verbose correctMkdir /home/universitario/.npm correctMkdir not in flight; initializing
69 silly cache afterAdd bootstrap@3.3.6
70 verbose afterAdd /home/universitario/.npm/bootstrap/3.3.6/package/package.json not in flight; writing
71 verbose correctMkdir /home/universitario/.npm correctMkdir not in flight; initializing
72 verbose afterAdd /home/universitario/.npm/bootstrap/3.3.6/package/package.json written
73 silly loadAllDepsIntoIdealTree Finishing
74 silly idealTree:prePrune universitario
74 silly idealTree:prePrune ├── ansi-regex@2.0.0
74 silly idealTree:prePrune ├── ansi-styles@2.2.0
74 silly idealTree:prePrune ├── archy@1.0.0
74 silly idealTree:prePrune ├── array-differ@1.0.0
74 silly idealTree:prePrune ├── array-find-index@1.0.1
74 silly idealTree:prePrune ├── array-uniq@1.0.2
74 silly idealTree:prePrune ├── balanced-match@0.3.0
74 silly idealTree:prePrune ├── beeper@1.1.0
74 silly idealTree:prePrune ├── bootstrap@3.3.6
74 silly idealTree:prePrune ├── brace-expansion@1.1.3
74 silly idealTree:prePrune ├── builtin-modules@1.1.1
74 silly idealTree:prePrune ├── camelcase-keys@2.0.0
74 silly idealTree:prePrune ├── camelcase@2.1.0
74 silly idealTree:prePrune ├── chalk@1.1.1
74 silly idealTree:prePrune ├── clone-stats@0.0.1
74 silly idealTree:prePrune ├── clone@1.0.2
74 silly idealTree:prePrune ├── color-convert@1.0.0
74 silly idealTree:prePrune ├── concat-map@0.0.1
74 silly idealTree:prePrune ├── core-util-is@1.0.2
74 silly idealTree:prePrune ├── dateformat@1.0.12
74 silly idealTree:prePrune ├── decamelize@1.1.2
74 silly idealTree:prePrune ├── defaults@1.0.3
74 silly idealTree:prePrune ├── deprecated@0.0.1
74 silly idealTree:prePrune ├── duplexer2@0.0.2
74 silly idealTree:prePrune ├── end-of-stream@0.1.5
74 silly idealTree:prePrune ├── error-ex@1.3.0
74 silly idealTree:prePrune ├── escape-string-regexp@1.0.5
74 silly idealTree:prePrune ├── extend@2.0.1
74 silly idealTree:prePrune ├── fancy-log@1.2.0
74 silly idealTree:prePrune ├── find-index@0.1.1
74 silly idealTree:prePrune ├── find-up@1.1.0
74 silly idealTree:prePrune ├── findup-sync@0.3.0
74 silly idealTree:prePrune ├── first-chunk-stream@1.0.0
74 silly idealTree:prePrune ├── flagged-respawn@0.3.1
74 silly idealTree:prePrune ├── gaze@0.5.2
74 silly idealTree:prePrune ├── get-stdin@4.0.1
74 silly idealTree:prePrune ├─┬ glob-stream@3.1.18
74 silly idealTree:prePrune │ ├── glob@4.5.3
74 silly idealTree:prePrune │ ├── minimatch@2.0.10
74 silly idealTree:prePrune │ ├── readable-stream@1.0.33
74 silly idealTree:prePrune │ └── through2@0.6.5
74 silly idealTree:prePrune ├── glob-watcher@0.0.6
74 silly idealTree:prePrune ├── glob@5.0.15
74 silly idealTree:prePrune ├── glob2base@0.0.12
74 silly idealTree:prePrune ├─┬ globule@0.1.0
74 silly idealTree:prePrune │ ├── glob@3.1.21
74 silly idealTree:prePrune │ ├── graceful-fs@1.2.3
74 silly idealTree:prePrune │ ├── inherits@1.0.2
74 silly idealTree:prePrune │ └── minimatch@0.2.14
74 silly idealTree:prePrune ├── glogg@1.0.0
74 silly idealTree:prePrune ├── graceful-fs@4.1.3
74 silly idealTree:prePrune ├── gulp-util@3.0.7
74 silly idealTree:prePrune ├── gulp@3.9.1
74 silly idealTree:prePrune ├── gulplog@1.0.0
74 silly idealTree:prePrune ├── has-ansi@2.0.0
74 silly idealTree:prePrune ├── has-gulplog@0.1.0
74 silly idealTree:prePrune ├── hosted-git-info@2.1.4
74 silly idealTree:prePrune ├── indent-string@2.1.0
74 silly idealTree:prePrune ├── inflight@1.0.4
74 silly idealTree:prePrune ├── inherits@2.0.1
74 silly idealTree:prePrune ├── interpret@1.0.0
74 silly idealTree:prePrune ├── is-arrayish@0.2.1
74 silly idealTree:prePrune ├── is-builtin-module@1.0.0
74 silly idealTree:prePrune ├── is-finite@1.0.1
74 silly idealTree:prePrune ├── is-utf8@0.2.1
74 silly idealTree:prePrune ├── isarray@0.0.1
74 silly idealTree:prePrune ├── liftoff@2.2.0
74 silly idealTree:prePrune ├── load-json-file@1.1.0
74 silly idealTree:prePrune ├── lodash._basecopy@3.0.1
74 silly idealTree:prePrune ├── lodash._basetostring@3.0.1
74 silly idealTree:prePrune ├── lodash._basevalues@3.0.0
74 silly idealTree:prePrune ├── lodash._getnative@3.9.1
74 silly idealTree:prePrune ├── lodash._isiterateecall@3.0.9
74 silly idealTree:prePrune ├── lodash._reescape@3.0.0
74 silly idealTree:prePrune ├── lodash._reevaluate@3.0.0
74 silly idealTree:prePrune ├── lodash._reinterpolate@3.0.0
74 silly idealTree:prePrune ├── lodash._root@3.0.1
74 silly idealTree:prePrune ├── lodash.escape@3.2.0
74 silly idealTree:prePrune ├── lodash.isarguments@3.0.7
74 silly idealTree:prePrune ├── lodash.isarray@3.0.4
74 silly idealTree:prePrune ├── lodash.keys@3.1.2
74 silly idealTree:prePrune ├── lodash.restparam@3.6.1
74 silly idealTree:prePrune ├── lodash.template@3.6.2
74 silly idealTree:prePrune ├── lodash.templatesettings@3.1.1
74 silly idealTree:prePrune ├── lodash@1.0.2
74 silly idealTree:prePrune ├── loud-rejection@1.3.0
74 silly idealTree:prePrune ├── lru-cache@2.7.3
74 silly idealTree:prePrune ├── map-obj@1.0.1
74 silly idealTree:prePrune ├─┬ meow@3.7.0
74 silly idealTree:prePrune │ └── object-assign@4.0.1
74 silly idealTree:prePrune ├── minimatch@3.0.0
74 silly idealTree:prePrune ├── minimist@1.2.0
74 silly idealTree:prePrune ├─┬ mkdirp@0.5.1
74 silly idealTree:prePrune │ └── minimist@0.0.8
74 silly idealTree:prePrune ├── multipipe@0.1.2
74 silly idealTree:prePrune ├── normalize-package-data@2.3.5
74 silly idealTree:prePrune ├── number-is-nan@1.0.0
74 silly idealTree:prePrune ├── object-assign@3.0.0
74 silly idealTree:prePrune ├── once@1.3.3
74 silly idealTree:prePrune ├── orchestrator@0.3.7
74 silly idealTree:prePrune ├── ordered-read-streams@0.1.0
74 silly idealTree:prePrune ├── os-homedir@1.0.1
74 silly idealTree:prePrune ├── parse-json@2.2.0
74 silly idealTree:prePrune ├── path-exists@2.1.0
74 silly idealTree:prePrune ├── path-is-absolute@1.0.0
74 silly idealTree:prePrune ├── path-type@1.1.0
74 silly idealTree:prePrune ├── pify@2.3.0
74 silly idealTree:prePrune ├── pinkie-promise@2.0.0
74 silly idealTree:prePrune ├── pinkie@2.0.4
74 silly idealTree:prePrune ├── pretty-hrtime@1.0.2
74 silly idealTree:prePrune ├── process-nextick-args@1.0.6
74 silly idealTree:prePrune ├── read-pkg-up@1.0.1
74 silly idealTree:prePrune ├── read-pkg@1.1.0
74 silly idealTree:prePrune ├── readable-stream@1.1.13
74 silly idealTree:prePrune ├── rechoir@0.6.2
74 silly idealTree:prePrune ├── redent@1.0.0
74 silly idealTree:prePrune ├── repeating@2.0.0
74 silly idealTree:prePrune ├── replace-ext@0.0.1
74 silly idealTree:prePrune ├── resolve@1.1.7
74 silly idealTree:prePrune ├── semver@4.3.6
74 silly idealTree:prePrune ├── sequencify@0.0.7
74 silly idealTree:prePrune ├── sigmund@1.0.1
74 silly idealTree:prePrune ├── signal-exit@2.1.2
74 silly idealTree:prePrune ├── sparkles@1.0.0
74 silly idealTree:prePrune ├── spdx-correct@1.0.2
74 silly idealTree:prePrune ├── spdx-exceptions@1.0.4
74 silly idealTree:prePrune ├── spdx-expression-parse@1.0.2
74 silly idealTree:prePrune ├── spdx-license-ids@1.2.0
74 silly idealTree:prePrune ├── stream-consume@0.1.0
74 silly idealTree:prePrune ├── string_decoder@0.10.31
74 silly idealTree:prePrune ├── strip-ansi@3.0.1
74 silly idealTree:prePrune ├── strip-bom@2.0.0
74 silly idealTree:prePrune ├── strip-indent@1.0.1
74 silly idealTree:prePrune ├── supports-color@2.0.0
74 silly idealTree:prePrune ├─┬ through2@2.0.1
74 silly idealTree:prePrune │ └── readable-stream@2.0.5
74 silly idealTree:prePrune ├── tildify@1.1.2
74 silly idealTree:prePrune ├── time-stamp@1.0.0
74 silly idealTree:prePrune ├── trim-newlines@1.0.0
74 silly idealTree:prePrune ├── unique-stream@1.0.0
74 silly idealTree:prePrune ├── user-home@1.1.1
74 silly idealTree:prePrune ├── util-deprecate@1.0.2
74 silly idealTree:prePrune ├── v8flags@2.0.11
74 silly idealTree:prePrune ├── validate-npm-package-license@3.0.1
74 silly idealTree:prePrune ├─┬ vinyl-fs@0.3.14
74 silly idealTree:prePrune │ ├── clone@0.2.0
74 silly idealTree:prePrune │ ├── graceful-fs@3.0.8
74 silly idealTree:prePrune │ ├── readable-stream@1.0.33
74 silly idealTree:prePrune │ ├── strip-bom@1.0.0
74 silly idealTree:prePrune │ ├── through2@0.6.5
74 silly idealTree:prePrune │ └── vinyl@0.4.6
74 silly idealTree:prePrune ├── vinyl@0.5.3
74 silly idealTree:prePrune ├── wrappy@1.0.1
74 silly idealTree:prePrune └── xtend@4.0.1
75 silly loadIdealTree Finishing
76 silly currentTree universitario
76 silly currentTree ├── ansi-regex@2.0.0
76 silly currentTree ├── ansi-styles@2.2.0
76 silly currentTree ├── archy@1.0.0
76 silly currentTree ├── array-differ@1.0.0
76 silly currentTree ├── array-find-index@1.0.1
76 silly currentTree ├── array-uniq@1.0.2
76 silly currentTree ├── balanced-match@0.3.0
76 silly currentTree ├── beeper@1.1.0
76 silly currentTree ├── brace-expansion@1.1.3
76 silly currentTree ├── builtin-modules@1.1.1
76 silly currentTree ├── camelcase-keys@2.0.0
76 silly currentTree ├── camelcase@2.1.0
76 silly currentTree ├── chalk@1.1.1
76 silly currentTree ├── clone-stats@0.0.1
76 silly currentTree ├── clone@1.0.2
76 silly currentTree ├── color-convert@1.0.0
76 silly currentTree ├── concat-map@0.0.1
76 silly currentTree ├── core-util-is@1.0.2
76 silly currentTree ├── dateformat@1.0.12
76 silly currentTree ├── decamelize@1.1.2
76 silly currentTree ├── defaults@1.0.3
76 silly currentTree ├── deprecated@0.0.1
76 silly currentTree ├── duplexer2@0.0.2
76 silly currentTree ├── end-of-stream@0.1.5
76 silly currentTree ├── error-ex@1.3.0
76 silly currentTree ├── escape-string-regexp@1.0.5
76 silly currentTree ├── extend@2.0.1
76 silly currentTree ├── fancy-log@1.2.0
76 silly currentTree ├── find-index@0.1.1
76 silly currentTree ├── find-up@1.1.0
76 silly currentTree ├── findup-sync@0.3.0
76 silly currentTree ├── first-chunk-stream@1.0.0
76 silly currentTree ├── flagged-respawn@0.3.1
76 silly currentTree ├── gaze@0.5.2
76 silly currentTree ├── get-stdin@4.0.1
76 silly currentTree ├─┬ glob-stream@3.1.18
76 silly currentTree │ ├── glob@4.5.3
76 silly currentTree │ ├── minimatch@2.0.10
76 silly currentTree │ ├── readable-stream@1.0.33
76 silly currentTree │ └── through2@0.6.5
76 silly currentTree ├── glob-watcher@0.0.6
76 silly currentTree ├── glob@5.0.15
76 silly currentTree ├── glob2base@0.0.12
76 silly currentTree ├─┬ globule@0.1.0
76 silly currentTree │ ├── glob@3.1.21
76 silly currentTree │ ├── graceful-fs@1.2.3
76 silly currentTree │ ├── inherits@1.0.2
76 silly currentTree │ └── minimatch@0.2.14
76 silly currentTree ├── glogg@1.0.0
76 silly currentTree ├── graceful-fs@4.1.3
76 silly currentTree ├── gulp-util@3.0.7
76 silly currentTree ├── gulp@3.9.1
76 silly currentTree ├── gulplog@1.0.0
76 silly currentTree ├── has-ansi@2.0.0
76 silly currentTree ├── has-gulplog@0.1.0
76 silly currentTree ├── hosted-git-info@2.1.4
76 silly currentTree ├── indent-string@2.1.0
76 silly currentTree ├── inflight@1.0.4
76 silly currentTree ├── inherits@2.0.1
76 silly currentTree ├── interpret@1.0.0
76 silly currentTree ├── is-arrayish@0.2.1
76 silly currentTree ├── is-builtin-module@1.0.0
76 silly currentTree ├── is-finite@1.0.1
76 silly currentTree ├── is-utf8@0.2.1
76 silly currentTree ├── isarray@0.0.1
76 silly currentTree ├── liftoff@2.2.0
76 silly currentTree ├── load-json-file@1.1.0
76 silly currentTree ├── lodash._basecopy@3.0.1
76 silly currentTree ├── lodash._basetostring@3.0.1
76 silly currentTree ├── lodash._basevalues@3.0.0
76 silly currentTree ├── lodash._getnative@3.9.1
76 silly currentTree ├── lodash._isiterateecall@3.0.9
76 silly currentTree ├── lodash._reescape@3.0.0
76 silly currentTree ├── lodash._reevaluate@3.0.0
76 silly currentTree ├── lodash._reinterpolate@3.0.0
76 silly currentTree ├── lodash._root@3.0.1
76 silly currentTree ├── lodash.escape@3.2.0
76 silly currentTree ├── lodash.isarguments@3.0.7
76 silly currentTree ├── lodash.isarray@3.0.4
76 silly currentTree ├── lodash.keys@3.1.2
76 silly currentTree ├── lodash.restparam@3.6.1
76 silly currentTree ├── lodash.template@3.6.2
76 silly currentTree ├── lodash.templatesettings@3.1.1
76 silly currentTree ├── lodash@1.0.2
76 silly currentTree ├── loud-rejection@1.3.0
76 silly currentTree ├── lru-cache@2.7.3
76 silly currentTree ├── map-obj@1.0.1
76 silly currentTree ├─┬ meow@3.7.0
76 silly currentTree │ └── object-assign@4.0.1
76 silly currentTree ├── minimatch@3.0.0
76 silly currentTree ├── minimist@1.2.0
76 silly currentTree ├─┬ mkdirp@0.5.1
76 silly currentTree │ └── minimist@0.0.8
76 silly currentTree ├── multipipe@0.1.2
76 silly currentTree ├── normalize-package-data@2.3.5
76 silly currentTree ├── number-is-nan@1.0.0
76 silly currentTree ├── object-assign@3.0.0
76 silly currentTree ├── once@1.3.3
76 silly currentTree ├── orchestrator@0.3.7
76 silly currentTree ├── ordered-read-streams@0.1.0
76 silly currentTree ├── os-homedir@1.0.1
76 silly currentTree ├── parse-json@2.2.0
76 silly currentTree ├── path-exists@2.1.0
76 silly currentTree ├── path-is-absolute@1.0.0
76 silly currentTree ├── path-type@1.1.0
76 silly currentTree ├── pify@2.3.0
76 silly currentTree ├── pinkie-promise@2.0.0
76 silly currentTree ├── pinkie@2.0.4
76 silly currentTree ├── pretty-hrtime@1.0.2
76 silly currentTree ├── process-nextick-args@1.0.6
76 silly currentTree ├── read-pkg-up@1.0.1
76 silly currentTree ├── read-pkg@1.1.0
76 silly currentTree ├── readable-stream@1.1.13
76 silly currentTree ├── rechoir@0.6.2
76 silly currentTree ├── redent@1.0.0
76 silly currentTree ├── repeating@2.0.0
76 silly currentTree ├── replace-ext@0.0.1
76 silly currentTree ├── resolve@1.1.7
76 silly currentTree ├── semver@4.3.6
76 silly currentTree ├── sequencify@0.0.7
76 silly currentTree ├── sigmund@1.0.1
76 silly currentTree ├── signal-exit@2.1.2
76 silly currentTree ├── sparkles@1.0.0
76 silly currentTree ├── spdx-correct@1.0.2
76 silly currentTree ├── spdx-exceptions@1.0.4
76 silly currentTree ├── spdx-expression-parse@1.0.2
76 silly currentTree ├── spdx-license-ids@1.2.0
76 silly currentTree ├── stream-consume@0.1.0
76 silly currentTree ├── string_decoder@0.10.31
76 silly currentTree ├── strip-ansi@3.0.1
76 silly currentTree ├── strip-bom@2.0.0
76 silly currentTree ├── strip-indent@1.0.1
76 silly currentTree ├── supports-color@2.0.0
76 silly currentTree ├─┬ through2@2.0.1
76 silly currentTree │ └── readable-stream@2.0.5
76 silly currentTree ├── tildify@1.1.2
76 silly currentTree ├── time-stamp@1.0.0
76 silly currentTree ├── trim-newlines@1.0.0
76 silly currentTree ├── unique-stream@1.0.0
76 silly currentTree ├── user-home@1.1.1
76 silly currentTree ├── util-deprecate@1.0.2
76 silly currentTree ├── v8flags@2.0.11
76 silly currentTree ├── validate-npm-package-license@3.0.1
76 silly currentTree ├─┬ vinyl-fs@0.3.14
76 silly currentTree │ ├── clone@0.2.0
76 silly currentTree │ ├── graceful-fs@3.0.8
76 silly currentTree │ ├── readable-stream@1.0.33
76 silly currentTree │ ├── strip-bom@1.0.0
76 silly currentTree │ ├── through2@0.6.5
76 silly currentTree │ └── vinyl@0.4.6
76 silly currentTree ├── vinyl@0.5.3
76 silly currentTree ├── wrappy@1.0.1
76 silly currentTree └── xtend@4.0.1
77 silly idealTree universitario
77 silly idealTree ├── ansi-regex@2.0.0
77 silly idealTree ├── ansi-styles@2.2.0
77 silly idealTree ├── archy@1.0.0
77 silly idealTree ├── array-differ@1.0.0
77 silly idealTree ├── array-find-index@1.0.1
77 silly idealTree ├── array-uniq@1.0.2
77 silly idealTree ├── balanced-match@0.3.0
77 silly idealTree ├── beeper@1.1.0
77 silly idealTree ├── bootstrap@3.3.6
77 silly idealTree ├── brace-expansion@1.1.3
77 silly idealTree ├── builtin-modules@1.1.1
77 silly idealTree ├── camelcase-keys@2.0.0
77 silly idealTree ├── camelcase@2.1.0
77 silly idealTree ├── chalk@1.1.1
77 silly idealTree ├── clone-stats@0.0.1
77 silly idealTree ├── clone@1.0.2
77 silly idealTree ├── color-convert@1.0.0
77 silly idealTree ├── concat-map@0.0.1
77 silly idealTree ├── core-util-is@1.0.2
77 silly idealTree ├── dateformat@1.0.12
77 silly idealTree ├── decamelize@1.1.2
77 silly idealTree ├── defaults@1.0.3
77 silly idealTree ├── deprecated@0.0.1
77 silly idealTree ├── duplexer2@0.0.2
77 silly idealTree ├── end-of-stream@0.1.5
77 silly idealTree ├── error-ex@1.3.0
77 silly idealTree ├── escape-string-regexp@1.0.5
77 silly idealTree ├── extend@2.0.1
77 silly idealTree ├── fancy-log@1.2.0
77 silly idealTree ├── find-index@0.1.1
77 silly idealTree ├── find-up@1.1.0
77 silly idealTree ├── findup-sync@0.3.0
77 silly idealTree ├── first-chunk-stream@1.0.0
77 silly idealTree ├── flagged-respawn@0.3.1
77 silly idealTree ├── gaze@0.5.2
77 silly idealTree ├── get-stdin@4.0.1
77 silly idealTree ├─┬ glob-stream@3.1.18
77 silly idealTree │ ├── glob@4.5.3
77 silly idealTree │ ├── minimatch@2.0.10
77 silly idealTree │ ├── readable-stream@1.0.33
77 silly idealTree │ └── through2@0.6.5
77 silly idealTree ├── glob-watcher@0.0.6
77 silly idealTree ├── glob@5.0.15
77 silly idealTree ├── glob2base@0.0.12
77 silly idealTree ├─┬ globule@0.1.0
77 silly idealTree │ ├── glob@3.1.21
77 silly idealTree │ ├── graceful-fs@1.2.3
77 silly idealTree │ ├── inherits@1.0.2
77 silly idealTree │ └── minimatch@0.2.14
77 silly idealTree ├── glogg@1.0.0
77 silly idealTree ├── graceful-fs@4.1.3
77 silly idealTree ├── gulp-util@3.0.7
77 silly idealTree ├── gulp@3.9.1
77 silly idealTree ├── gulplog@1.0.0
77 silly idealTree ├── has-ansi@2.0.0
77 silly idealTree ├── has-gulplog@0.1.0
77 silly idealTree ├── hosted-git-info@2.1.4
77 silly idealTree ├── indent-string@2.1.0
77 silly idealTree ├── inflight@1.0.4
77 silly idealTree ├── inherits@2.0.1
77 silly idealTree ├── interpret@1.0.0
77 silly idealTree ├── is-arrayish@0.2.1
77 silly idealTree ├── is-builtin-module@1.0.0
77 silly idealTree ├── is-finite@1.0.1
77 silly idealTree ├── is-utf8@0.2.1
77 silly idealTree ├── isarray@0.0.1
77 silly idealTree ├── liftoff@2.2.0
77 silly idealTree ├── load-json-file@1.1.0
77 silly idealTree ├── lodash._basecopy@3.0.1
77 silly idealTree ├── lodash._basetostring@3.0.1
77 silly idealTree ├── lodash._basevalues@3.0.0
77 silly idealTree ├── lodash._getnative@3.9.1
77 silly idealTree ├── lodash._isiterateecall@3.0.9
77 silly idealTree ├── lodash._reescape@3.0.0
77 silly idealTree ├── lodash._reevaluate@3.0.0
77 silly idealTree ├── lodash._reinterpolate@3.0.0
77 silly idealTree ├── lodash._root@3.0.1
77 silly idealTree ├── lodash.escape@3.2.0
77 silly idealTree ├── lodash.isarguments@3.0.7
77 silly idealTree ├── lodash.isarray@3.0.4
77 silly idealTree ├── lodash.keys@3.1.2
77 silly idealTree ├── lodash.restparam@3.6.1
77 silly idealTree ├── lodash.template@3.6.2
77 silly idealTree ├── lodash.templatesettings@3.1.1
77 silly idealTree ├── lodash@1.0.2
77 silly idealTree ├── loud-rejection@1.3.0
77 silly idealTree ├── lru-cache@2.7.3
77 silly idealTree ├── map-obj@1.0.1
77 silly idealTree ├─┬ meow@3.7.0
77 silly idealTree │ └── object-assign@4.0.1
77 silly idealTree ├── minimatch@3.0.0
77 silly idealTree ├── minimist@1.2.0
77 silly idealTree ├─┬ mkdirp@0.5.1
77 silly idealTree │ └── minimist@0.0.8
77 silly idealTree ├── multipipe@0.1.2
77 silly idealTree ├── normalize-package-data@2.3.5
77 silly idealTree ├── number-is-nan@1.0.0
77 silly idealTree ├── object-assign@3.0.0
77 silly idealTree ├── once@1.3.3
77 silly idealTree ├── orchestrator@0.3.7
77 silly idealTree ├── ordered-read-streams@0.1.0
77 silly idealTree ├── os-homedir@1.0.1
77 silly idealTree ├── parse-json@2.2.0
77 silly idealTree ├── path-exists@2.1.0
77 silly idealTree ├── path-is-absolute@1.0.0
77 silly idealTree ├── path-type@1.1.0
77 silly idealTree ├── pify@2.3.0
77 silly idealTree ├── pinkie-promise@2.0.0
77 silly idealTree ├── pinkie@2.0.4
77 silly idealTree ├── pretty-hrtime@1.0.2
77 silly idealTree ├── process-nextick-args@1.0.6
77 silly idealTree ├── read-pkg-up@1.0.1
77 silly idealTree ├── read-pkg@1.1.0
77 silly idealTree ├── readable-stream@1.1.13
77 silly idealTree ├── rechoir@0.6.2
77 silly idealTree ├── redent@1.0.0
77 silly idealTree ├── repeating@2.0.0
77 silly idealTree ├── replace-ext@0.0.1
77 silly idealTree ├── resolve@1.1.7
77 silly idealTree ├── semver@4.3.6
77 silly idealTree ├── sequencify@0.0.7
77 silly idealTree ├── sigmund@1.0.1
77 silly idealTree ├── signal-exit@2.1.2
77 silly idealTree ├── sparkles@1.0.0
77 silly idealTree ├── spdx-correct@1.0.2
77 silly idealTree ├── spdx-exceptions@1.0.4
77 silly idealTree ├── spdx-expression-parse@1.0.2
77 silly idealTree ├── spdx-license-ids@1.2.0
77 silly idealTree ├── stream-consume@0.1.0
77 silly idealTree ├── string_decoder@0.10.31
77 silly idealTree ├── strip-ansi@3.0.1
77 silly idealTree ├── strip-bom@2.0.0
77 silly idealTree ├── strip-indent@1.0.1
77 silly idealTree ├── supports-color@2.0.0
77 silly idealTree ├─┬ through2@2.0.1
77 silly idealTree │ └── readable-stream@2.0.5
77 silly idealTree ├── tildify@1.1.2
77 silly idealTree ├── time-stamp@1.0.0
77 silly idealTree ├── trim-newlines@1.0.0
77 silly idealTree ├── unique-stream@1.0.0
77 silly idealTree ├── user-home@1.1.1
77 silly idealTree ├── util-deprecate@1.0.2
77 silly idealTree ├── v8flags@2.0.11
77 silly idealTree ├── validate-npm-package-license@3.0.1
77 silly idealTree ├─┬ vinyl-fs@0.3.14
77 silly idealTree │ ├── clone@0.2.0
77 silly idealTree │ ├── graceful-fs@3.0.8
77 silly idealTree │ ├── readable-stream@1.0.33
77 silly idealTree │ ├── strip-bom@1.0.0
77 silly idealTree │ ├── through2@0.6.5
77 silly idealTree │ └── vinyl@0.4.6
77 silly idealTree ├── vinyl@0.5.3
77 silly idealTree ├── wrappy@1.0.1
77 silly idealTree └── xtend@4.0.1
78 silly generateActionsToTake Starting
79 silly install generateActionsToTake
80 warn checkPermissions Missing write access to /home/universitario/node_modules
81 silly rollbackFailedOptional Starting
82 silly rollbackFailedOptional Finishing
83 silly runTopLevelLifecycles Starting
84 silly runTopLevelLifecycles Finishing
85 silly install printInstalled
86 warn enoent ENOENT: no such file or directory, open '/home/universitario/package.json'
87 warn universitario No description
88 warn universitario No repository field.
89 warn universitario No README data
90 warn universitario No license field.
91 verbose stack Error: EACCES: permission denied, access '/home/universitario/node_modules'
91 verbose stack     at Error (native)
92 verbose cwd /home/universitario/williamgavidia.github.io
93 error Linux 3.19.0-26-generic
94 error argv "/usr/bin/nodejs" "/usr/bin/npm" "install" "bootstrap"
95 error node v5.10.1
96 error npm  v3.8.3
97 error path /home/universitario/node_modules
98 error code EACCES
99 error errno -13
100 error syscall access
101 error Error: EACCES: permission denied, access '/home/universitario/node_modules'
101 error     at Error (native)
101 error  { [Error: EACCES: permission denied, access '/home/universitario/node_modules']
101 error   errno: -13,
101 error   code: 'EACCES',
101 error   syscall: 'access',
101 error   path: '/home/universitario/node_modules' }
102 error Please try running this command again as root/Administrator.
103 verbose exit [ -13, true ]
